{"5f79db5a5d241937abaa62727c4346ec":{"statistic":{"failed":1,"broken":0,"skipped":0,"passed":0,"unknown":0,"total":1},"items":[{"uid":"ad9bf10fbb93edd3","status":"failed","statusDetails":"Element should have text \"Selenide\" {h1}\nElement: '<h1 displayed:false></h1>'\nActual value: text=\"\"\nScreenshot: file:/home/runner/work/test_jenkins/test_jenkins/build/reports/tests/1771788203702.1.png\nPage source: file:/home/runner/work/test_jenkins/test_jenkins/build/reports/tests/1771788203702.1.html\nTimeout: 4 s.","time":{"start":1771788199145,"stop":1771788203878,"duration":4733}}]},"38ddfc6f9615bebfeb0c6cabea401877":{"statistic":{"failed":0,"broken":1,"skipped":0,"passed":0,"unknown":0,"total":1},"items":[{"uid":"20078bf767d5cd23","status":"broken","statusDetails":"Could not start a new session. Response code 500. Message: session not created: Chrome instance exited. Examine ChromeDriver verbose log to determine the cause. \nHost info: host: 'runnervmwffz4', ip: '10.1.0.12'\nBuild info: version: '4.34.0', revision: '707dcb4246*'\nSystem info: os.name: 'Linux', os.arch: 'amd64', os.version: '6.11.0-1018-azure', java.version: '17.0.18'\nDriver info: org.openqa.selenium.chrome.ChromeDriver\nCommand: [null, newSession {capabilities=[Capabilities {acceptInsecureCerts: true, browserName: chrome, goog:chromeOptions: {args: [--proxy-bypass-list=<-loopb..., --disable-dev-shm-usage, --disable-search-engine-cho..., --unsafely-disable-devtools..., --window-size=1366,768], binary: /usr/bin/google-chrome, excludeSwitches: [enable-automation, load-extension], extensions: [], prefs: {autofill.credit_card_enabled: false, autofill.profile_enabled: false, credentials_enable_service: false, download.default_directory: /home/runner/work/test_jenk..., plugins.always_open_pdf_externally: true, profile.default_content_setting_values.automatic_downloads: 1, profile.password_manager_enabled: false, profile.password_manager_leak_detection: false, safebrowsing.enabled: true}}, pageLoadStrategy: normal, unhandledPromptBehavior: accept}]}]\nselenide.url: https://the-internet.herokuapp.com/upload\nselenide.baseUrl: http://localhost:8080","time":{"start":1771788187380,"stop":1771788187608,"duration":228}}]},"e9f3835acd1fde18d99f8abad95b6011":{"statistic":{"failed":0,"broken":1,"skipped":0,"passed":0,"unknown":0,"total":1},"items":[{"uid":"9e8b3dba332469ac","status":"broken","statusDetails":"Could not start a new session. Response code 500. Message: session not created: Chrome instance exited. Examine ChromeDriver verbose log to determine the cause. \nHost info: host: 'runnervmwffz4', ip: '10.1.0.12'\nBuild info: version: '4.34.0', revision: '707dcb4246*'\nSystem info: os.name: 'Linux', os.arch: 'amd64', os.version: '6.11.0-1018-azure', java.version: '17.0.18'\nDriver info: org.openqa.selenium.chrome.ChromeDriver\nCommand: [null, newSession {capabilities=[Capabilities {acceptInsecureCerts: true, browserName: chrome, goog:chromeOptions: {args: [--proxy-bypass-list=<-loopb..., --disable-dev-shm-usage, --disable-search-engine-cho..., --unsafely-disable-devtools..., --window-size=1366,768], binary: /usr/bin/google-chrome, excludeSwitches: [enable-automation, load-extension], extensions: [], prefs: {autofill.credit_card_enabled: false, autofill.profile_enabled: false, credentials_enable_service: false, download.default_directory: /home/runner/work/test_jenk..., plugins.always_open_pdf_externally: true, profile.default_content_setting_values.automatic_downloads: 1, profile.password_manager_enabled: false, profile.password_manager_leak_detection: false, safebrowsing.enabled: true}}, pageLoadStrategy: normal, unhandledPromptBehavior: accept}]}]\nselenide.url: https://the-internet.herokuapp.com/upload\nselenide.baseUrl: http://localhost:8080","time":{"start":1771788187612,"stop":1771788187820,"duration":208}}]},"75049cab0b1e3936570be9f7ab5b6cf6":{"statistic":{"failed":0,"broken":1,"skipped":0,"passed":0,"unknown":0,"total":1},"items":[{"uid":"69ba314fc766fe2","status":"broken","statusDetails":"com.mysql.cj.jdbc.exceptions.CommunicationsException: Communications link failure\n\nThe last packet sent successfully to the server was 0 milliseconds ago. The driver has not received any packets from the server.","time":{"start":1771788211170,"stop":1771788211174,"duration":4}}]},"bc46bdd556cce93df1cd784b21e73f58":{"statistic":{"failed":0,"broken":0,"skipped":0,"passed":1,"unknown":0,"total":1},"items":[{"uid":"f8008d5733eee954","status":"passed","time":{"start":1771788187975,"stop":1771788194175,"duration":6200}}]},"762e73a4d957942e2b86eaa3fbda34b5":{"statistic":{"failed":0,"broken":0,"skipped":0,"passed":1,"unknown":0,"total":1},"items":[{"uid":"f3ac61e5cacf0422","status":"passed","time":{"start":1771788209547,"stop":1771788210912,"duration":1365}}]},"aa03b196223f9ae2ef18a8e296a0a3d3":{"statistic":{"failed":0,"broken":1,"skipped":0,"passed":0,"unknown":0,"total":1},"items":[{"uid":"18fa2ff38bd4ccb7","status":"broken","statusDetails":"com.mysql.cj.jdbc.exceptions.CommunicationsException: Communications link failure\n\nThe last packet sent successfully to the server was 0 milliseconds ago. The driver has not received any packets from the server.","time":{"start":1771788211159,"stop":1771788211166,"duration":7}}]},"302614a88a778507275bf7f63e8d75c9":{"statistic":{"failed":0,"broken":1,"skipped":0,"passed":0,"unknown":0,"total":1},"items":[{"uid":"e450bbf65845dfc3","status":"broken","statusDetails":"Could not start a new session. Response code 500. Message: session not created: Chrome instance exited. Examine ChromeDriver verbose log to determine the cause. \nHost info: host: 'runnervmwffz4', ip: '10.1.0.12'\nBuild info: version: '4.34.0', revision: '707dcb4246*'\nSystem info: os.name: 'Linux', os.arch: 'amd64', os.version: '6.11.0-1018-azure', java.version: '17.0.18'\nDriver info: org.openqa.selenium.chrome.ChromeDriver\nCommand: [null, newSession {capabilities=[Capabilities {acceptInsecureCerts: true, browserName: chrome, goog:chromeOptions: {args: [--proxy-bypass-list=<-loopb..., --disable-dev-shm-usage, --disable-search-engine-cho..., --unsafely-disable-devtools..., --window-size=1366,768], binary: /usr/bin/google-chrome, excludeSwitches: [enable-automation, load-extension], extensions: [], prefs: {autofill.credit_card_enabled: false, autofill.profile_enabled: false, credentials_enable_service: false, download.default_directory: /home/runner/work/test_jenk..., plugins.always_open_pdf_externally: true, profile.default_content_setting_values.automatic_downloads: 1, profile.password_manager_enabled: false, profile.password_manager_leak_detection: false, safebrowsing.enabled: true}}, pageLoadStrategy: normal, unhandledPromptBehavior: accept}]}]\nselenide.url: https://the-internet.herokuapp.com/upload\nselenide.baseUrl: http://localhost:8080","time":{"start":1771788181819,"stop":1771788187241,"duration":5422}}]},"cc5a99bca0eb8467361f0fc60f0282cf":{"statistic":{"failed":0,"broken":1,"skipped":0,"passed":0,"unknown":0,"total":1},"items":[{"uid":"5abd50de16e1695","status":"broken","statusDetails":"com.mysql.cj.jdbc.exceptions.CommunicationsException: Communications link failure\n\nThe last packet sent successfully to the server was 0 milliseconds ago. The driver has not received any packets from the server.","time":{"start":1771788211179,"stop":1771788211183,"duration":4}}]},"d54ecdca0904d5dccb9b0f02f10db451":{"statistic":{"failed":0,"broken":1,"skipped":0,"passed":0,"unknown":0,"total":1},"items":[{"uid":"b61d26cdfe11b296","status":"broken","statusDetails":"Cannot invoke \"String.length()\" because \"test\" is null","time":{"start":1771788187826,"stop":1771788187827,"duration":1}}]},"4f255d3cfb8d75db01fd331258bb80ff":{"statistic":{"failed":0,"broken":1,"skipped":0,"passed":0,"unknown":0,"total":1},"items":[{"uid":"ea3f5b4c60231d86","status":"broken","statusDetails":"com.mysql.cj.jdbc.exceptions.CommunicationsException: Communications link failure\n\nThe last packet sent successfully to the server was 0 milliseconds ago. The driver has not received any packets from the server.","time":{"start":1771788210915,"stop":1771788211140,"duration":225}}]},"21d40df5f499786e0ee13b4efffcd629":{"statistic":{"failed":1,"broken":0,"skipped":0,"passed":0,"unknown":0,"total":1},"items":[{"uid":"3420ed5c3edeb668","status":"failed","statusDetails":"Element should have text \"Wrong Text\" {By.xpath: //h3[text()='Что такое Selenide?']}\nElement: '<h3>ЧТО ТАКОЕ SELENIDE?</h3>'\nActual value: text=\"ЧТО ТАКОЕ SELENIDE?\"\nScreenshot: file:/home/runner/work/test_jenkins/test_jenkins/build/reports/tests/1771788198932.0.png\nPage source: file:/home/runner/work/test_jenkins/test_jenkins/build/reports/tests/1771788198932.0.html\nTimeout: 4 s.","time":{"start":1771788194181,"stop":1771788199142,"duration":4961}}]},"7a1cb0d0383895da022ceb397709d8ea":{"statistic":{"failed":1,"broken":0,"skipped":0,"passed":0,"unknown":0,"total":1},"items":[{"uid":"7d7fe9218bf3a4c8","status":"failed","statusDetails":"Element should have text \"another Wrong Text\" {By.xpath: //h3[text()='Что такое Selenide?']}\nElement: '<h3>ЧТО ТАКОЕ SELENIDE?</h3>'\nActual value: text=\"ЧТО ТАКОЕ SELENIDE?\"\nScreenshot: file:/home/runner/work/test_jenkins/test_jenkins/build/reports/tests/1771788209368.2.png\nPage source: file:/home/runner/work/test_jenkins/test_jenkins/build/reports/tests/1771788209368.2.html\nTimeout: 4 s.","time":{"start":1771788204798,"stop":1771788209543,"duration":4745}}]},"e1c2a331506c78f006b9e22c6ec14a78":{"statistic":{"failed":1,"broken":0,"skipped":0,"passed":0,"unknown":0,"total":1},"items":[{"uid":"76bd108b380ffeba","status":"failed","statusDetails":"URL должно содержать GitHub репозиторий Selenide ==> expected: <true> but was: <false>","time":{"start":1771788203882,"stop":1771788204796,"duration":914}}]},"cbcd19b6338824a481edd5331b0f06b8":{"statistic":{"failed":0,"broken":1,"skipped":0,"passed":0,"unknown":0,"total":1},"items":[{"uid":"d260e7026597c502","status":"broken","statusDetails":"com.mysql.cj.jdbc.exceptions.CommunicationsException: Communications link failure\n\nThe last packet sent successfully to the server was 0 milliseconds ago. The driver has not received any packets from the server.","time":{"start":1771788211191,"stop":1771788211194,"duration":3}}]},"697ade9f3130f8bbd3de6fa5a3eed764":{"statistic":{"failed":0,"broken":1,"skipped":0,"passed":0,"unknown":0,"total":1},"items":[{"uid":"102196a91aafbada","status":"broken","statusDetails":"com.mysql.cj.jdbc.exceptions.CommunicationsException: Communications link failure\n\nThe last packet sent successfully to the server was 0 milliseconds ago. The driver has not received any packets from the server.","time":{"start":1771788211146,"stop":1771788211153,"duration":7}}]},"86cd6c7fdf23311fed455bf029655023":{"statistic":{"failed":0,"broken":1,"skipped":0,"passed":0,"unknown":0,"total":1},"items":[{"uid":"bdad5721ad10bd25","status":"broken","statusDetails":"com.mysql.cj.jdbc.exceptions.CommunicationsException: Communications link failure\n\nThe last packet sent successfully to the server was 0 milliseconds ago. The driver has not received any packets from the server.","time":{"start":1771788211205,"stop":1771788211209,"duration":4}}]}}